<?xml version="1.0" encoding="UTF-8"?>
<!-- Generated by org.testng.reporters.JUnitReportReporter -->
<testsuite hostname="Vaishali" failures="0" tests="4" name="bookAPI.PracticeJson" time="1.389" errors="0" timestamp="2023-06-20T17:36:23 IST" skipped="0">
  <testcase classname="bookAPI.PracticeJson" name="Couses2" time="0.069"/>
  <testcase classname="bookAPI.PracticeJson" name="Couses3" time="0.115"/>
  <testcase classname="bookAPI.PracticeJson" name="Couses" time="1.148"/>
  <testcase classname="bookAPI.PracticeJson" name="Couses1" time="0.057"/>
</testsuite> <!-- bookAPI.PracticeJson -->
