<?xml version="1.0" encoding="UTF-8"?>
<!-- Generated by org.testng.reporters.JUnitReportReporter -->
<testsuite hostname="Vaishali" failures="0" tests="1" name="SumValidation" time="1.185" errors="0" timestamp="2023-06-13T15:49:42 IST" skipped="0">
  <testcase classname="SumValidation" name="sumOfCourses" time="1.185"/>
</testsuite> <!-- SumValidation -->
