<?xml version="1.0" encoding="UTF-8"?>
<!-- Generated by org.testng.reporters.JUnitReportReporter -->
<testsuite hostname="Vaishali" failures="0" tests="1" name="RestAssuredPrograms.PostCallCreate" time="1.750" errors="0" timestamp="2023-06-16T17:44:52 IST" skipped="0">
  <testcase classname="RestAssuredPrograms.PostCallCreate" name="create" time="1.750"/>
</testsuite> <!-- RestAssuredPrograms.PostCallCreate -->
