<?xml version="1.0" encoding="UTF-8"?>
<!-- Generated by org.testng.reporters.JUnitReportReporter -->
<testsuite hostname="Vaishali" failures="0" tests="5" name="bookAPI.DynamicJson" time="1.752" errors="0" timestamp="2023-06-21T11:46:50 IST" skipped="0">
  <testcase classname="bookAPI.DynamicJson" name="addBooks" time="0.102"/>
  <testcase classname="bookAPI.DynamicJson" name="addBooks" time="0.092"/>
  <testcase classname="bookAPI.DynamicJson" name="addBooks" time="1.391"/>
  <testcase classname="bookAPI.DynamicJson" name="addBooks" time="0.079"/>
  <testcase classname="bookAPI.DynamicJson" name="addBooks" time="0.088"/>
</testsuite> <!-- bookAPI.DynamicJson -->
